.\venv\Scripts\uvicorn.exe : INFO: 
    Started server process [18012]
En línea: 1 Carácter: 1
+ .\venv\Scripts\uvicorn.exe 
main:app --host 0.0.0.0 --port 
8000 > back ...
+ ~~~~~~~~~~~~~~~~~~~~~~~~~~~~~~~~~
~~~~~~~~~~~~~~~~~~~~~~~~~~~~~~~~~~~
~
    + CategoryInfo          : NotS 
   pecified: (INFO:     Started s  
  erver process [18012]:String)    
 [], RemoteException
    + FullyQualifiedErrorId : Nati 
   veCommandError
 
INFO:     Waiting for application 
startup.
2026-03-12 12:45:35,385 INFO sqlalchemy.engine.Engine select pg_catalog.version()
2026-03-12 12:45:35,385 INFO sqlalchemy.engine.Engine [raw sql] ()
2026-03-12 12:45:35,392 INFO sqlalchemy.engine.Engine select current_schema()
2026-03-12 12:45:35,392 INFO sqlalchemy.engine.Engine [raw sql] ()
2026-03-12 12:45:35,401 INFO sqlalchemy.engine.Engine show standard_conforming_strings
2026-03-12 12:45:35,401 INFO sqlalchemy.engine.Engine [raw sql] ()
2026-03-12 12:45:35,407 INFO sqlalchemy.engine.Engine BEGIN (implicit)
2026-03-12 12:45:35,445 INFO sqlalchemy.engine.Engine SELECT pg_catalog.pg_class.relname 
FROM pg_catalog.pg_class JOIN pg_catalog.pg_namespace ON pg_catalog.pg_namespace.oid = pg_catalog.pg_class.relnamespace 
WHERE pg_catalog.pg_class.relname = $1::VARCHAR AND pg_catalog.pg_class.relkind = ANY (ARRAY[$2::VARCHAR, $3::VARCHAR, $4::VARCHAR, $5::VARCHAR, $6::VARCHAR]) AND pg_catalog.pg_table_is_visible(pg_catalog.pg_class.oid) AND pg_catalog.pg_namespace.nspname != $7::VARCHAR
2026-03-12 12:45:35,445 INFO sqlalchemy.engine.Engine [generated in 0.03266s] ('users', 'r', 'p', 'f', 'v', 'm', 'pg_catalog')
2026-03-12 12:45:35,467 INFO sqlalchemy.engine.Engine SELECT pg_catalog.pg_class.relname 
FROM pg_catalog.pg_class JOIN pg_catalog.pg_namespace ON pg_catalog.pg_namespace.oid = pg_catalog.pg_class.relnamespace 
WHERE pg_catalog.pg_class.relname = $1::VARCHAR AND pg_catalog.pg_class.relkind = ANY (ARRAY[$2::VARCHAR, $3::VARCHAR, $4::VARCHAR, $5::VARCHAR, $6::VARCHAR]) AND pg_catalog.pg_table_is_visible(pg_catalog.pg_class.oid) AND pg_catalog.pg_namespace.nspname != $7::VARCHAR
2026-03-12 12:45:35,467 INFO sqlalchemy.engine.Engine [cached since 0.05475s ago] ('products', 'r', 'p', 'f', 'v', 'm', 'pg_catalog')
2026-03-12 12:45:35,471 INFO sqlalchemy.engine.Engine SELECT pg_catalog.pg_class.relname 
FROM pg_catalog.pg_class JOIN pg_catalog.pg_namespace ON pg_catalog.pg_namespace.oid = pg_catalog.pg_class.relnamespace 
WHERE pg_catalog.pg_class.relname = $1::VARCHAR AND pg_catalog.pg_class.relkind = ANY (ARRAY[$2::VARCHAR, $3::VARCHAR, $4::VARCHAR, $5::VARCHAR, $6::VARCHAR]) AND pg_catalog.pg_table_is_visible(pg_catalog.pg_class.oid) AND pg_catalog.pg_namespace.nspname != $7::VARCHAR
2026-03-12 12:45:35,471 INFO sqlalchemy.engine.Engine [cached since 0.05861s ago] ('orders', 'r', 'p', 'f', 'v', 'm', 'pg_catalog')
2026-03-12 12:45:35,474 INFO sqlalchemy.engine.Engine SELECT pg_catalog.pg_class.relname 
FROM pg_catalog.pg_class JOIN pg_catalog.pg_namespace ON pg_catalog.pg_namespace.oid = pg_catalog.pg_class.relnamespace 
WHERE pg_catalog.pg_class.relname = $1::VARCHAR AND pg_catalog.pg_class.relkind = ANY (ARRAY[$2::VARCHAR, $3::VARCHAR, $4::VARCHAR, $5::VARCHAR, $6::VARCHAR]) AND pg_catalog.pg_table_is_visible(pg_catalog.pg_class.oid) AND pg_catalog.pg_namespace.nspname != $7::VARCHAR
2026-03-12 12:45:35,475 INFO sqlalchemy.engine.Engine [cached since 0.06207s ago] ('audit_log', 'r', 'p', 'f', 'v', 'm', 'pg_catalog')
2026-03-12 12:45:35,480 INFO sqlalchemy.engine.Engine SELECT pg_catalog.pg_type.typname 
FROM pg_catalog.pg_type JOIN pg_catalog.pg_namespace ON pg_catalog.pg_namespace.oid = pg_catalog.pg_type.typnamespace 
WHERE pg_catalog.pg_type.typname = $1::VARCHAR AND pg_catalog.pg_type_is_visible(pg_catalog.pg_type.oid) AND pg_catalog.pg_namespace.nspname != $2::VARCHAR
2026-03-12 12:45:35,480 INFO sqlalchemy.engine.Engine [generated in 0.00030s] ('userrole', 'pg_catalog')
2026-03-12 12:45:35,486 INFO sqlalchemy.engine.Engine SELECT pg_catalog.pg_type.typname 
FROM pg_catalog.pg_type JOIN pg_catalog.pg_namespace ON pg_catalog.pg_namespace.oid = pg_catalog.pg_type.typnamespace 
WHERE pg_catalog.pg_type.typname = $1::VARCHAR AND pg_catalog.pg_type_is_visible(pg_catalog.pg_type.oid) AND pg_catalog.pg_namespace.nspname != $2::VARCHAR
2026-03-12 12:45:35,487 INFO sqlalchemy.engine.Engine [cached since 0.007236s ago] ('orderstatus', 'pg_catalog')
Conexion a PostgreSQL exitosa y tablas creadas
2026-03-12 12:45:35,490 INFO sqlalchemy.engine.Engine COMMIT
INFO:     Application startup 
complete.
INFO:     Uvicorn running on 
http://0.0.0.0:8000 (Press CTRL+C 
to quit)
